# Changelog
All notable changes to this project will be documented in this file.

The format is based on [Keep a Changelog](https://keepachangelog.com/en/1.0.0/),
and this project adheres to [Semantic Versioning](https://semver.org/spec/v2.0.0.html).

## [Unreleased]

## [1.5.0] - 2022-04-05
- Fix missing packages for sssd to work with different auth providers
- Implement a restart function for sssd

## [1.4.0] - 2022-02-28
- Update entrypoint to work with new shared Broker UAI host keys
- Add development Broker UAI tools
- Switch UAI base images from arti to algol60 images
- Update UAI images to SLES-SP3 from SP2

## [1.3.3] - 2021-12-09
- Switch from DTR images to algol60 images
- Add image annotations to update-uas Helm Chart spec

## [1.3.0] - 2021-10-22
- Update alpine version in update-uas to 3.14.2
- Change to user nobody in update-uas

## [1.2.4] - 2021-09-09
- Changelog begins here.  See note in README.md for info about earlier versioning.
